<?xml version="1.0" encoding="UTF-8"?>
<!-- Generated by org.testng.reporters.JUnitXMLReporter -->
<testsuite hostname="DESKTOP-SHHF3U7" ignored="2" name="Default test" tests="7" failures="0" timestamp="22 jun 2019 10:35:32 GMT" time="79.301" errors="0">
  <testcase name="correctUser" time="3.801" classname="tests.TestLogin"/>
  <testcase name="incorrectPsw" time="0.486" classname="tests.TestLogin"/>
  <testcase name="incorrectUser" time="0.424" classname="tests.TestLogin"/>
  <testcase name="pageTitle" time="0.02" classname="tests.TestLogin"/>
  <testcase name="buyOneItem" time="14.741" classname="tests.TestInventory"/>
  <testcase name="buySeveralItems" time="5.351" classname="tests.TestInventory"/>
  <testcase name="pageTitle" time="0.026" classname="tests.TestInventory"/>
  <testcase name="@BeforeSuite beforeSuite" time="0.0" classname="tests.SeleniumTestSuite">
    <ignored/>
  </testcase> <!-- @BeforeSuite beforeSuite -->
  <testcase name="@BeforeSuite beforeSuite" time="0.0" classname="tests.SeleniumTestSuite">
    <ignored/>
  </testcase> <!-- @BeforeSuite beforeSuite -->
</testsuite> <!-- Default test -->
